Model: MMC HAG2e (sd/mmc)
Disk /dev/block/mmcblk0: 15762194432B
Sector size (logical/physical): 512B/512B
Partition Table: gpt

Number  Start         End           Size          File system  Name              Flags
 1      8388608B      96468991B     88080384B     fat16        modem
 2      100663296B    101187583B    524288B                    fsc
 3      101187584B    101711871B    524288B                    ssd
 4      101711872B    102760447B    1048576B                   sbl1
 5      102760448B    103809023B    1048576B                   sbl1bak
 6      103809024B    104333311B    524288B                    rpm
 7      104333312B    104857599B    524288B                    rpmbak
 8      104857600B    106954751B    2097152B                   tz
 9      106954752B    109051903B    2097152B                   tzbak
10      109051904B    125829119B    16777216B     ext4         dsp
11      125829120B    127401983B    1572864B                   modemst1
12      127401984B    128974847B    1572864B                   modemst2
13      134217728B    150994943B    16777216B                  misc
14      150994944B    151519231B    524288B                    DDR
15      151519232B    153092095B    1572864B                   fsg
16      153092096B    153616383B    524288B                    sec
17      153616384B    155713535B    2097152B                   aboot
18      155713536B    157810687B    2097152B                   abootbak
19      157810688B    158334975B    524288B                    hyp
20      158334976B    158859263B    524288B                    hypbak
21      159383552B    167772159B    8388608B      ext4         drm
22      167772160B    176160767B    8388608B      ext4         sns
23      176160768B    209715199B    33554432B     ext4         mpt
24      209715200B    210763775B    1048576B                   devinfo
25      218103808B    218628095B    524288B                    persistent
26      226492416B    260046847B    33554432B                  boot
27      260046848B    293601279B    33554432B                  laf
28      293601280B    327155711B    33554432B                  recovery
29      327155712B    360710143B    33554432B                  recoverybak
30      360710144B    394264575B    33554432B                  factory
31      394264576B    398458879B    4194304B                   raw_resources
32      398458880B    402653183B    4194304B                   raw_resourcesbak
33      402653184B    436207615B    33554432B     ext4         persist
34      436207616B    503316479B    67108864B                  oem
35      503316480B    536870911B    33554432B                  mdtp
36      536870912B    537395199B    524288B                    syscfg
37      537395200B    541589503B    4194304B                   mcfg
38      541589504B    542638079B    1048576B                   dip
39      542638080B    543162367B    524288B                    keystore
40      543162368B    543686655B    524288B                    rct
41      543686656B    544210943B    524288B                    encrypt
42      544210944B    544735231B    524288B                    eksst
43      544735232B    545259519B    524288B                    mota
44      545259520B    545783807B    524288B                    apdp
45      545783808B    546308095B    524288B                    msadp
46      546308096B    546832383B    524288B                    dpo
47      546832384B    547356671B    524288B                    devcfg
48      547356672B    547880959B    524288B                    devcfgbak
49      547880960B    551550975B    3670016B                   spare1
50      553648128B    554172415B    524288B                    limits
51      554172416B    554696703B    524288B                    lksecapp
52      554696704B    555220991B    524288B                    lksecappbak
53      555220992B    555745279B    524288B                    cmnlib
54      555745280B    556269567B    524288B                    cmnlibbak
55      556269568B    556793855B    524288B                    cmnlib64
56      556793856B    557318143B    524288B                    cmnlib64bak
57      557318144B    557842431B    524288B                    keymaster
58      557842432B    558366719B    524288B                    keymasterbak
59      558366720B    562036735B    3670016B                   spare2
60      562036736B    572522495B    10485760B                  fota
61      572522496B    578813951B    6291456B                   spare3
62      578813952B    4114612223B   3535798272B   ext4         system
63      4118806528B   4643094527B   524288000B    ext4         cache
64      4643094528B   4865392639B   222298112B                 OP
65      4865392640B   15752757247B  10887364608B               userdata
66      15752757248B  15762177535B  9420288B                   grow